    29.551    14.093    17.329     9.364    18.438    46.322    34.073    15.670    19.268    10.412    44.024    61.264
    20.256    24.628    21.032     9.589    14.431    51.302    24.197    27.187    23.545    11.089    38.970    75.512
    27.725    32.731    31.970    13.474    10.456    52.692    33.198    36.376    35.504    15.429    31.766    75.554
    44.449    32.260    37.152    18.347    21.728    48.393    51.197    36.077    41.514    21.132    56.909    69.940
    57.087    41.063    43.220    21.743    43.148    57.407    63.982    46.173    48.335    25.213   100.817    91.450
    19.422    58.559    56.045    25.321    28.697    90.324    26.067    64.348    62.205    29.254    67.080   142.821
     8.132    58.864    70.696    34.270     5.641    96.896    12.134    64.603    77.861    39.007    17.901   135.542
    22.366    33.632    67.342    42.325    26.653    68.219    32.674    39.081    75.373    48.090    56.256    93.816
    12.985    21.597    51.202    37.909     6.712    74.827    19.708    27.544    60.059    44.644    21.664   104.536
    18.895    13.735    13.948     6.739     9.761    55.808    26.357    17.706    18.062     9.392    24.917    77.803
    10.695    12.786     7.528     1.853     2.195    20.735    15.405    15.963     9.810     2.919     7.297    34.547
    17.082    10.895     7.102     1.816     6.236     6.547    21.485    13.924     9.159     2.591    14.121    11.354
     9.279    11.085     6.809     1.922     1.861     7.802    11.717    13.517     8.748     2.709     4.811    15.416
     5.352     9.319     5.904     1.453     1.420     3.878     7.195    11.298     7.598     2.178     4.839     6.542
     5.512    11.153    10.268     3.719     4.006     5.543     7.404    13.226    12.677     4.991     9.071     8.766
     5.919     9.318    11.566     5.596     2.720     9.579     7.849    11.081    14.185     7.403     7.329    14.214
     4.898     8.680    12.050     6.754     2.651    11.925     6.692    10.213    14.579     8.729     6.084    16.309
     1.453     8.556    13.547     8.203     0.364    13.406     2.276    10.055    15.936    10.117     1.644    17.098
     3.320     6.703    13.747     9.019     2.087    11.362     4.803     8.061    16.043    10.868     5.070    14.309
     5.574     4.522    10.944     7.772     2.075    11.645     7.421     5.599    13.092     9.609     5.238    14.778
     2.253     5.446     9.182     6.142     1.363    12.376     3.404     6.764    11.180     7.853     3.452    15.578
     0.988     6.269     9.572     5.675     0.056    11.758     1.645     7.864    11.557     7.174     0.813    14.220
     2.687     4.720     8.149     4.713     0.989     9.194     4.014     6.034    10.123     6.150     2.930    11.179
     3.277     3.932     8.353     5.691     2.323     8.887     4.843     5.031    10.201     7.100     6.870    11.136
    14.489     4.548     8.839     6.103    12.720    10.302    17.482     5.820    10.617     7.453    20.222    14.554
     2.704     8.935    10.020     5.839     1.065    22.894     3.947    10.648    11.921     7.248     3.348    29.523
     1.080    12.900    13.610     6.157     0.353    20.084     1.800    15.161    15.715     7.482     1.534    25.284
     3.694     7.916    14.406     8.280     2.506    16.088     5.474     9.612    16.980     9.948     6.435    20.099
     9.555     5.539    12.083     8.191     7.229    16.342    11.905     6.842    14.478     9.921    14.307    20.841
     2.399     7.982    11.838     7.589     1.820    22.207     3.670     9.455    13.970     9.277     6.015    28.577
     5.815     9.858    13.605     7.536     5.203    20.837     7.799    11.651    15.580     9.077    13.276    26.494
    11.620     8.008    14.480     9.171     8.644    23.779    14.202     9.528    16.628    10.716    19.452    31.695
     5.639    10.114    14.220     8.821     3.777    30.976     7.519    11.863    16.347    10.491    11.028    40.553
     5.438    12.580    16.825     9.254     4.530    31.042     7.548    14.651    19.065    10.925    12.410    39.553
     6.590    10.327    17.186    10.294     5.562    31.696     8.744    12.189    19.654    12.073    13.524    40.048
     5.415    10.173    16.271     9.950     3.338    33.731     7.317    12.088    18.688    11.541     8.579    41.802
     3.244    10.329    15.170     8.757     1.704    32.112     4.785    12.322    17.573    10.357     5.162    38.934
     2.205     9.233    13.861     7.815     1.381    28.437     3.402    11.007    16.262     9.429     4.336    33.802
     3.152     7.056    12.223     7.274     2.990    25.019     4.616     8.648    14.656     8.936     7.384    29.608
     3.959     5.723    10.117     6.274     3.869    24.187     5.511     7.074    12.448     8.038     8.499    28.932
     2.848     5.405     9.898     6.601     0.982    24.639     4.100     6.730    12.140     8.371     3.485    29.390
     2.981     5.464    10.211     6.720     2.920    21.510     4.313     6.749    12.405     8.528     5.950    25.402
     1.318     4.908    10.076     6.839     0.375    20.975     2.123     6.169    12.178     8.589     1.601    24.607
     0.741     3.990     9.165     6.425     0.259    17.409     1.297     5.205    11.308     8.106     1.242    20.340
     1.064     2.602     7.758     5.792     0.846    14.279     1.732     3.451     9.856     7.519     2.195    16.723
     1.507     1.723     6.112     4.903     0.303    12.675     2.439     2.372     8.086     6.632     1.314    14.801
     1.371     1.764     4.995     3.919     0.086    10.699     2.301     2.485     6.830     5.558     0.932    12.456
     1.120     2.039     4.689     3.406     0.716     8.772     2.418     2.930     6.403     4.912     1.429    10.364
     1.455     2.031     4.553     3.167     1.016     8.024     2.473     3.089     6.268     4.605     1.277     9.278
     0.000     2.019     4.468     3.140     0.000     7.427     0.000     3.253     6.282     4.545     0.000     8.537
