 2   51   11    9 1972   90  5.0  6  95.0  100.0
  1.18348  188.528  0.50390       0.0  0.000000    54610.031
       0.00   31712.82   26063.51   20166.37   38562.29   72678.33   48349.18    9836.84   44121.01   12213.61   18073.95    4447.93   10675.12    3332.11    3131.61    6365.58    4785.38    4177.26     852.29    3372.39    3503.93    2358.46     386.49    1891.28    4427.27   16465.77    1753.89     756.88    4263.48   10730.40    3378.81    9010.18   14371.35    6455.40    7737.21    9574.07    5683.45    3006.33    2617.65    4985.47    6100.25    1959.95    4768.95     910.83     697.50    1795.74    1015.57     584.04    1491.72     177.42     993.83
  0.3383  0.3396  0.2108  0.0844  0.0226  0.0042  0.0000  0.0000  0.0000  0.0000  0.0000
  0.2127  0.1972  0.2222  0.2220  0.2360  0.2325  0.2796  0.2697  0.2563  0.2283  0.2117
  0.4865  0.4865  0.4865  0.4865  0.4865  0.4865  0.4865  0.4865  0.4865  1.8231  1.8231  1.8231  1.8231  0.2263  0.2263  0.2263  0.2263  0.2263  0.2263  0.2263  0.2263  0.2263  0.2263  0.2263  0.2263  0.2263  0.2263  0.2263  0.2263  0.2263  0.2263  0.2263  0.2263  0.2263  0.2263  0.2263  0.2263  0.2263  0.2263  0.2263  0.2263  0.2263  0.2263  0.2263  0.2263  0.2263  0.2263  0.2263  0.2263  0.2263  0.2263
  1.0000  1.0000  1.0000  1.0000  1.0000  1.0000  1.0000  1.0000  1.0000  1.0000  1.0000
  1.0000  109.482  0.066510499  0.018886060
  1.0000  1.0000  1.0000  1.0000  1.0000  1.0000  1.0000  1.0000  1.0000  1.0000  1.0000
  0.0329  0.4613  0.4227  0.0816  0.0015  0.0000  0.0000  0.0000  0.0000  0.0000  0.0000
  0.0000  0.0525  0.5281  0.3668  0.0525  0.0000  0.0000  0.0000  0.0000  0.0000  0.0000
  0.0000  0.0000  0.0760  0.5790  0.3132  0.0318  0.0000  0.0000  0.0000  0.0000  0.0000
  0.0000  0.0000  0.0000  0.1053  0.6122  0.2643  0.0182  0.0000  0.0000  0.0000  0.0000
  0.0000  0.0000  0.0000  0.0000  0.1396  0.6364  0.2152  0.0088  0.0000  0.0000  0.0000
  0.0000  0.0000  0.0000  0.0000  0.0000  0.1819  0.6483  0.1670  0.0028  0.0000  0.0000
  0.0000  0.0000  0.0000  0.0000  0.0000  0.0000  0.2328  0.6460  0.1211  0.0000  0.0000
  0.0000  0.0000  0.0000  0.0000  0.0000  0.0000  0.0000  0.2925  0.6288  0.0788  0.0000
  0.0000  0.0000  0.0000  0.0000  0.0000  0.0000  0.0000  0.0000  0.3598  0.5943  0.0459
  0.0000  0.0000  0.0000  0.0000  0.0000  0.0000  0.0000  0.0000  0.0000  0.4196  0.5804
  0.0000  0.0000  0.0000  0.0000  0.0000  0.0000  0.0000  0.0000  0.0000  0.0000  1.0000
           1          24           1           2           2           1
  4.9999999E-03  2.0000001E-03  2.0000001E-03  1.4200000E-04  4.9999999E-03  1.3427621E+08  -999.0000    
   44.00000       42.00000       5.000000       1031.779             115           2           7          13        2022          20          37
