 2   51   14    8    0 1972   95  5.0  8 102.0  100.0
  0.63994   68.723  1.48421       0.0  0.000000    38115.129
 343215.1562    0.082090  19944.6055    0.074073 289788.7188    0.087277
       0.00   31290.68   22337.56   30118.21   47234.38   60131.70   23278.14    9638.16   28940.87   16140.01   22415.90   12640.32   18888.61   10240.39    6203.31    6291.59    6861.81    5871.47    1764.08    4047.58    6537.13    2873.95    1253.83    3456.54    3797.38   16110.62    3304.64    1356.88    4488.40   11068.02    2830.59    6663.09   12824.36    6284.57    6138.67    8004.95    6486.12    3958.36    2756.71    3715.84    4883.81    3351.38    3754.59    1673.40     921.29    1363.63    2371.89    2107.32    2104.05    1734.59    2300.04
  0.2177  0.2255  0.1989  0.1515  0.1009  0.0594  0.0313  0.0148  0.0000  0.0000  0.0000  0.0000  0.0000  0.0000
  0.2726  0.3602  0.4144  0.4180  0.4589  0.6015  0.6601  0.6948  0.3455  0.0364  0.0000  0.0000  0.0000  0.0000
  0.1917  0.1917  0.1917  0.1917  0.1917  0.1917  0.1917  0.1917  1.0304  1.0304  1.0304  1.0304  1.0304  0.1917  0.1917  0.1917  0.1917  0.1917  0.1917  0.1917  0.1917  0.1917  0.1917  0.1917  0.1917  0.1917  0.1917  0.1917  0.1917  0.1917  0.1917  0.1917  0.1917  0.1917  0.1917  0.1917  0.1917  0.1917  0.1917  0.1917  0.1917  0.1917  0.1917  0.1917  0.1917  0.1917  0.1917  0.1917  0.1917  0.1917  0.1917
  1.0000  1.0000  1.0000  1.0000  1.0000  1.0000  1.0000  1.0000  1.0000  1.0000  1.0000  1.0000  1.0000  1.0000
  1.0000  108.881  0.157213897  0.000000000
  1.0000  1.0000  1.0000  1.0000  1.0000  1.0000  1.0000  1.0000  1.0000  1.0000  1.0000  1.0000  1.0000  1.0000
  0.0000  0.0020  0.1417  0.5173  0.2956  0.0418  0.0016  0.0000  0.0000  0.0000  0.0000  0.0000  0.0000  0.0000
  0.0000  0.0000  0.0022  0.1481  0.5210  0.2878  0.0394  0.0014  0.0000  0.0000  0.0000  0.0000  0.0000  0.0000
  0.0000  0.0000  0.0000  0.0022  0.1481  0.5210  0.2878  0.0394  0.0014  0.0000  0.0000  0.0000  0.0000  0.0000
  0.0000  0.0000  0.0000  0.0000  0.0025  0.1548  0.5244  0.2799  0.0371  0.0013  0.0000  0.0000  0.0000  0.0000
  0.0000  0.0000  0.0000  0.0000  0.0000  0.0025  0.1548  0.5244  0.2799  0.0371  0.0013  0.0000  0.0000  0.0000
  0.0000  0.0000  0.0000  0.0000  0.0000  0.0000  0.0027  0.1616  0.5274  0.2721  0.0350  0.0012  0.0000  0.0000
  0.0000  0.0000  0.0000  0.0000  0.0000  0.0000  0.0000  0.0030  0.1686  0.5301  0.2642  0.0329  0.0011  0.0000
  0.0000  0.0000  0.0000  0.0000  0.0000  0.0000  0.0000  0.0000  0.0030  0.1686  0.5301  0.2642  0.0329  0.0011
  0.0000  0.0000  0.0000  0.0000  0.0000  0.0000  0.0000  0.0000  0.0000  0.0033  0.1758  0.5325  0.2564  0.0319
  0.0000  0.0000  0.0000  0.0000  0.0000  0.0000  0.0000  0.0000  0.0000  0.0000  0.0033  0.1758  0.5325  0.2883
  0.0000  0.0000  0.0000  0.0000  0.0000  0.0000  0.0000  0.0000  0.0000  0.0000  0.0000  0.0036  0.1832  0.8131
  0.0000  0.0000  0.0000  0.0000  0.0000  0.0000  0.0000  0.0000  0.0000  0.0000  0.0000  0.0000  0.0036  0.9964
  0.0000  0.0000  0.0000  0.0000  0.0000  0.0000  0.0000  0.0000  0.0000  0.0000  0.0000  0.0000  0.0000  1.0000
  0.0000  0.0000  0.0000  0.0000  0.0000  0.0000  0.0000  0.0000  0.0000  0.0000  0.0000  0.0000  0.0000  1.0000
           1          24           1           2           2           1
  4.9999999E-03  2.0000001E-03  2.0000001E-03  1.4200000E-04  4.9999999E-03  4.6450429E+08  -999.0000    
   324.0000       141.0000       5.000000       3191.090             125          17           7          13        2022          19          20
