    29.399    14.125    17.368     9.385    18.081    46.135    33.553    15.630    19.220    10.386    45.733    61.373
    20.336    24.608    21.035     9.617    14.519    50.563    24.482    27.123    23.515    11.075    39.585    76.712
    27.695    32.670    32.010    13.481    10.395    52.375    32.866    36.215    35.409    15.467    32.120    76.186
    43.859    32.220    37.104    18.366    22.350    47.621    51.145    36.198    41.367    21.080    57.763    69.895
    57.026    40.967    43.302    21.695    44.372    57.300    63.532    45.894    48.358    25.189   101.389    92.042
    19.457    58.245    55.902    25.373    28.926    90.255    25.956    63.952    62.065    29.260    70.357   142.230
     7.837    58.629    70.606    34.223     5.065    97.583    11.970    64.617    77.384    38.932    17.273   137.131
    22.881    33.375    67.227    42.365    27.519    67.724    33.675    39.001    75.066    47.924    57.439    93.732
    12.960    21.828    50.791    37.823     6.573    75.463    19.601    27.529    59.950    44.395    20.767   104.996
    18.250    13.919    14.134     6.796    10.093    55.997    26.246    17.958    18.150     9.414    25.205    77.715
    10.605    12.599     7.610     1.913     2.181    20.716    14.993    15.892     9.836     2.926     7.344    34.648
    16.940    10.771     7.047     1.875     6.109     6.584    21.009    13.811     9.115     2.616    14.187    11.310
     9.173    11.018     6.758     1.956     1.978     7.722    11.250    13.412     8.611     2.694     4.800    15.472
     5.354     9.259     5.910     1.490     1.562     3.860     7.075    11.070     7.495     2.157     5.045     6.383
     5.432    10.993    10.263     3.722     3.734     5.545     7.189    12.911    12.431     4.913     8.915     8.854
     6.087     9.243    11.477     5.591     2.630     9.380     7.833    10.796    13.896     7.216     7.390    14.131
     4.992     8.640    11.918     6.659     2.378    11.821     6.663    10.053    14.224     8.494     6.010    16.192
     1.470     8.595    13.460     8.115     0.351    13.303     2.240    10.101    15.641     9.912     1.744    16.986
     3.424     6.729    13.664     8.947     1.964    11.352     4.754     8.098    15.806    10.629     4.905    14.270
     5.517     4.562    10.884     7.738     2.018    11.500     7.249     5.578    12.903     9.387     5.334    14.751
     2.335     5.460     9.129     6.081     1.278    12.368     3.389     6.698    11.033     7.671     3.501    15.494
     0.980     6.315     9.498     5.650     0.059    11.760     1.615     7.757    11.437     7.060     0.890    14.190
     2.819     4.774     8.023     4.667     0.940     9.230     4.134     5.980    10.024     6.050     2.945    11.209
     3.245     4.006     8.294     5.591     2.274     8.886     4.812     5.019    10.167     7.029     6.757    11.181
    14.552     4.641     8.847     6.046    12.659    10.330    17.489     5.869    10.592     7.401    20.176    14.544
     2.681     8.979    10.087     5.853     0.838    22.722     3.805    10.673    11.893     7.223     3.200    29.328
     1.082    12.925    13.708     6.213     0.276    19.998     1.860    15.181    15.782     7.470     1.577    25.077
     3.688     7.903    14.540     8.343     2.348    15.958     5.318     9.501    17.047     9.937     6.465    20.022
     9.973     5.483    12.171     8.295     6.949    16.261    12.120     6.758    14.482     9.947    14.192    20.899
     2.400     7.958    11.845     7.687     1.682    21.907     3.573     9.491    13.966     9.320     5.913    28.325
     5.826     9.979    13.588     7.550     5.211    20.561     7.818    11.791    15.603     9.116    13.357    26.238
    11.830     8.036    14.530     9.191     8.979    23.898    14.103     9.531    16.727    10.757    19.639    31.571
     5.460    10.149    14.246     8.854     3.475    30.884     7.252    11.833    16.442    10.527    10.333    40.319
     5.271    12.626    16.854     9.272     4.206    30.445     7.135    14.527    19.115    10.976    11.878    38.870
     6.968    10.179    17.159    10.343     5.762    30.707     9.100    11.963    19.655    12.115    14.095    39.160
     5.514    10.083    16.231     9.945     3.200    33.259     7.344    11.914    18.589    11.533     8.821    41.510
     3.278    10.483    15.183     8.720     1.506    31.827     4.647    12.413    17.501    10.252     4.948    38.762
     2.185     9.328    13.934     7.829     1.309    28.060     3.346    11.141    16.309     9.391     4.342    33.758
     3.010     7.119    12.306     7.307     2.678    24.778     4.451     8.694    14.621     8.959     7.587    29.533
     4.131     5.672    10.168     6.363     3.864    24.074     5.631     7.036    12.457     7.997     8.590    29.081
     2.810     5.313     9.929     6.640     1.004    24.691     4.009     6.683    12.177     8.395     3.534    29.438
     3.039     5.480    10.207     6.724     3.386    21.582     4.317     6.864    12.404     8.511     6.661    25.569
     1.305     4.891    10.026     6.824     0.375    21.710     2.010     6.175    12.213     8.590     1.738    25.488
     0.683     4.057     9.137     6.383     0.276    18.154     1.209     5.172    11.332     8.141     1.384    21.198
     1.059     2.597     7.752     5.778     1.072    14.998     1.741     3.378     9.815     7.527     2.605    17.476
     1.737     1.695     6.107     4.898     0.396    13.502     2.733     2.286     7.990     6.587     1.646    15.742
     1.549     1.848     5.053     3.933     0.156    11.622     2.671     2.535     6.757     5.495     1.081    13.525
     1.399     2.262     4.886     3.444     1.335     9.625     2.653     3.246     6.490     4.862     2.334    11.352
     1.588     2.395     4.870     3.345     0.010     9.370     2.394     3.538     6.564     4.649     0.115    10.931
     1.473     2.339     4.937     3.385     0.010     7.408     2.775     3.484     6.733     4.751     1.104     8.752
     0.000     2.451     5.443     3.886     0.000     6.101     0.000     3.406     7.249     5.359     0.000     7.623
