                      Males                        Females
      --------------------------------------   ---------------
 Year Recruits  Small  Pre-recr Mature  Legal  Recruits Mature Eff.Spa.Biomass
              95-109mm 110-134mm >119mm >134mm          >89mm  mill.lbs 1000 mt M.rep.p r

 1972   0.000  13.447  14.973  18.411   9.949   0.000  54.510  55.178  25.028  30.987 0.57
 1973  31.813  21.172  26.558  22.764  10.408  31.428  64.115  63.257  28.693  36.876 0.58
 1974  22.558  15.563  34.795  34.306  14.766  25.793  64.389  93.633  42.471  54.102 0.84
 1975  30.342  20.268  34.426  39.952  20.157  19.777  58.304 103.339  46.874  65.429 1.00
 1976  47.576  31.601  43.853  46.647  23.911  39.239  74.208 125.342  56.854  77.977 1.00
 1977  61.187  40.918  61.791  60.055  27.878  70.849 115.213 156.497  70.986  97.241 0.84
 1978  23.783  17.314  62.017  74.966  37.310  49.072 117.901 196.334  89.055 123.035 1.00
 1979   9.598   6.987  36.351  72.013  45.871   7.546  78.220 144.632  65.604 130.282 1.00
 1980  29.515  19.312  25.163  56.306  41.744  46.373  93.391 162.941  73.909 112.249 1.00
 1981  16.302  11.390  16.366  16.478   8.211  11.192  66.901  52.027  23.599  27.700 0.41
 1982  23.030  15.336  14.763   8.923   2.371  17.431  27.943  20.213   9.169  12.092 0.43
 1983  12.913   9.039  12.502   8.250   2.231   4.396   8.925  14.840   6.731  11.230 1.00
 1984  19.430  12.936  12.528   7.903   2.315  10.917  12.391  16.173   7.336  10.977 0.89
 1985  10.565   7.409  10.369   6.819   1.814   3.329   5.321   8.131   3.688   9.285 1.00
 1986   6.304   4.491  12.154  11.548   4.417   3.057   7.197  11.643   5.281  16.944 1.00
 1987   6.402   4.376  10.099  12.968   6.613   6.249  11.837  19.197   8.708  20.852 1.00
 1988   7.025   4.777   9.391  13.407   7.857   4.655  13.907  23.763  10.779  23.279 1.00
 1989   6.023   4.160   9.387  14.877   9.288   4.145  15.129  27.154  12.317  27.280 1.00
 1990   1.780   1.393   7.367  15.015  10.092   0.850  12.791  25.316  11.483  28.886 1.00
 1991   4.106   2.720   5.010  12.101   8.825   3.294  13.048  25.969  11.779  24.269 1.00
 1992   6.649   4.440   6.171  10.298   7.083   3.553  13.894  27.831  12.624  20.491 1.00
 1993   2.917   2.367   7.159  10.693   6.510   2.393  13.093  27.181  12.329  20.080 1.00
 1994   1.263   1.070   5.408   9.236   5.518   0.401  10.368  23.300  10.569  16.817 1.00
 1995   3.509   2.377   4.504   9.399   6.478   1.841  10.118  22.765  10.326  18.201 1.00
 1996   3.807   2.719   5.200   9.853   6.858   4.493  12.561  26.006  11.796  19.483 1.00
 1997  16.420  10.723   9.990  11.207   6.657  16.366  26.366  36.437  16.528  20.957 0.79
 1998   3.308   3.347  14.153  14.956   6.978   1.624  22.555  43.294  19.638  24.974 1.00
 1999   1.353   1.055   8.555  15.903   9.358   0.583  17.919  37.635  17.071  27.761 1.00
 2000   4.506   3.017   6.003  13.375   9.248   4.496  18.797  39.197  17.779  25.226 1.00
 2001  11.342   7.634   8.876  13.028   8.546  11.002  25.960  47.179  21.400  24.620 0.95
 2002   2.866   2.706  10.965  14.795   8.397   2.955  23.492  47.844  21.702  26.505 1.00
 2003   6.769   4.505   8.708  15.794  10.137   9.396  28.133  55.242  25.057  29.523 1.00
 2004  13.069   8.672  11.038  15.516   9.862  14.221  36.341  55.042  24.966  29.353 0.81
 2005   6.453   4.677  13.585  18.162  10.301   6.143  34.936  64.258  29.147  32.622 0.93
 2006   6.216   4.269  10.978  18.548  11.404   6.418  33.936  68.542  31.090  33.762 0.99
 2007   8.113   5.699  11.000  17.485  10.880  11.967  39.000  63.411  28.763  31.994 0.82
 2008   6.666   4.918  11.518  16.447   9.578   5.184  36.120  60.657  27.514  29.208 0.81
 2009   4.047   3.155  10.290  15.241   8.680   2.741  31.451  58.041  26.327  26.381 0.84
 2010   2.817   2.161   7.933  13.599   8.213   2.343  27.387  55.392  25.125  24.025 0.88
 2011   3.730   2.640   6.356  11.423   7.269   5.223  27.001  47.238  21.427  20.733 0.77
 2012   5.309   3.572   6.146  11.170   7.626   6.804  28.318  47.581  21.583  21.554 0.76
 2013   3.362   2.379   6.362  11.556   7.749   1.571  24.132  52.365  23.752  22.511 0.93
 2014   3.843   2.613   5.603  11.390   7.914   4.510  23.704  51.808  23.500  22.621 0.95
 2015   1.677   1.236   4.649  10.464   7.490   0.846  19.698  47.579  21.581  21.280 1.00
 2016   0.888   0.643   2.932   8.948   6.852   0.567  16.167  40.916  18.559  18.940 1.00
 2017   1.199   0.808   1.845   7.115   5.885   1.717  14.573  36.827  16.704  15.928 1.00
 2018   2.085   1.389   1.975   5.834   4.760   0.986  12.580  32.359  14.678  13.315 1.00
 2019   1.911   1.313   2.508   5.479   4.103   0.559  10.528  27.803  12.611  12.118 1.00
 2020   2.953   1.977   3.050   5.522   3.842   2.070  10.473  26.185  11.877  11.650 1.00
